  Source.cpp
C:\Users\mdahl\JOBB\11VisualStudio\mdhl_lib\mdhl_Tools.h(71,9): warning C4551: function call missing argument list
C:\Users\mdahl\JOBB\11VisualStudio\mdhl_lib\mdhl_Mp.h(31,44): warning C4267: '=': conversion from 'size_t' to 'int', possible loss of data
C:\Users\mdahl\JOBB\11VisualStudio\mdhl_lib\mdhl_Mp.h(35,44): warning C4267: '=': conversion from 'size_t' to 'int', possible loss of data
C:\Users\mdahl\JOBB\11VisualStudio\mdhl_lib\mdhl_Mp.h(40,44): warning C4267: '=': conversion from 'size_t' to 'int', possible loss of data
C:\Users\mdahl\JOBB\11VisualStudio\mdhl_lib\mdhl_Mp.h(51,44): warning C4267: '=': conversion from 'size_t' to 'int', possible loss of data
C:\Users\mdahl\JOBB\11VisualStudio\mdhl_lib\mdhl_Mp.h(55,44): warning C4267: '=': conversion from 'size_t' to 'int', possible loss of data
C:\Users\mdahl\JOBB\11VisualStudio\mdhl_lib\mdhl_Mp.h(60,44): warning C4267: '=': conversion from 'size_t' to 'int', possible loss of data
C:\Users\mdahl\JOBB\11VisualStudio\mdhl_lib\mdhl_Mp.h(70,44): warning C4267: '=': conversion from 'size_t' to 'int', possible loss of data
C:\Users\mdahl\JOBB\11VisualStudio\mdhl_lib\mdhl_Mp.h(74,44): warning C4267: '=': conversion from 'size_t' to 'int', possible loss of data
C:\Users\mdahl\JOBB\11VisualStudio\mdhl_lib\mdhl_Mp.h(79,44): warning C4267: '=': conversion from 'size_t' to 'int', possible loss of data
C:\Users\mdahl\JOBB\11VisualStudio\mdhl_lib\mdhl_Mp.h(89,44): warning C4267: '=': conversion from 'size_t' to 'int', possible loss of data
C:\Users\mdahl\JOBB\11VisualStudio\mdhl_lib\mdhl_Mp.h(93,44): warning C4267: '=': conversion from 'size_t' to 'int', possible loss of data
C:\Users\mdahl\JOBB\11VisualStudio\mdhl_lib\mdhl_Mp.h(98,44): warning C4267: '=': conversion from 'size_t' to 'int', possible loss of data
C:\Users\mdahl\JOBB\11VisualStudio\mdhl_lib\mdhl_Mp.h(108,44): warning C4267: '=': conversion from 'size_t' to 'int', possible loss of data
C:\Users\mdahl\JOBB\11VisualStudio\mdhl_lib\mdhl_Mp.h(113,44): warning C4267: '=': conversion from 'size_t' to 'int', possible loss of data
C:\Users\mdahl\JOBB\11VisualStudio\mdhl_lib\mdhl_Mp.h(123,44): warning C4267: '=': conversion from 'size_t' to 'int', possible loss of data
C:\Users\mdahl\JOBB\11VisualStudio\mdhl_lib\mdhl_Mp.h(128,44): warning C4267: '=': conversion from 'size_t' to 'int', possible loss of data
C:\Users\mdahl\JOBB\11VisualStudio\mdhl_lib\mdhl_Mp.h(138,44): warning C4267: '=': conversion from 'size_t' to 'int', possible loss of data
C:\Users\mdahl\JOBB\11VisualStudio\mdhl_lib\mdhl_Mp.h(143,44): warning C4267: '=': conversion from 'size_t' to 'int', possible loss of data
C:\Users\mdahl\JOBB\11VisualStudio\VS_c++\VAV_Adressering_2\VAV_Adressering_2\Source.cpp(89,41): warning C4267: '=': conversion from 'size_t' to 'int', possible loss of data
C:\Users\mdahl\JOBB\11VisualStudio\VS_c++\VAV_Adressering_2\VAV_Adressering_2\Source.cpp(99,47): warning C4267: '=': conversion from 'size_t' to 'int', possible loss of data
C:\Users\mdahl\JOBB\11VisualStudio\VS_c++\VAV_Adressering_2\VAV_Adressering_2\Source.cpp(105,47): warning C4267: '=': conversion from 'size_t' to 'int', possible loss of data
C:\Users\mdahl\JOBB\11VisualStudio\VS_c++\VAV_Adressering_2\VAV_Adressering_2\Source.cpp(123,53): warning C4267: '=': conversion from 'size_t' to 'int', possible loss of data
C:\Users\mdahl\JOBB\11VisualStudio\VS_c++\VAV_Adressering_2\VAV_Adressering_2\Source.cpp(136,59): warning C4267: '=': conversion from 'size_t' to 'int', possible loss of data
C:\Users\mdahl\JOBB\11VisualStudio\VS_c++\VAV_Adressering_2\VAV_Adressering_2\Source.cpp(169,53): warning C4267: '=': conversion from 'size_t' to 'int', possible loss of data
C:\Users\mdahl\JOBB\11VisualStudio\VS_c++\VAV_Adressering_2\VAV_Adressering_2\Source.cpp(183,59): warning C4267: '=': conversion from 'size_t' to 'int', possible loss of data
C:\Users\mdahl\JOBB\11VisualStudio\VS_c++\VAV_Adressering_2\VAV_Adressering_2\Source.cpp(194,59): warning C4267: '=': conversion from 'size_t' to 'int', possible loss of data
C:\Users\mdahl\JOBB\11VisualStudio\VS_c++\VAV_Adressering_2\VAV_Adressering_2\Source.cpp(205,59): warning C4267: '=': conversion from 'size_t' to 'int', possible loss of data
C:\Users\mdahl\JOBB\11VisualStudio\VS_c++\VAV_Adressering_2\VAV_Adressering_2\Source.cpp(212,57): warning C4267: '=': conversion from 'size_t' to 'int', possible loss of data
C:\Users\mdahl\JOBB\11VisualStudio\VS_c++\VAV_Adressering_2\VAV_Adressering_2\Source.cpp(220,57): warning C4267: '=': conversion from 'size_t' to 'int', possible loss of data
C:\Users\mdahl\JOBB\11VisualStudio\VS_c++\VAV_Adressering_2\VAV_Adressering_2\Source.cpp(228,57): warning C4267: '=': conversion from 'size_t' to 'int', possible loss of data
C:\Users\mdahl\JOBB\11VisualStudio\VS_c++\VAV_Adressering_2\VAV_Adressering_2\Source.cpp(236,57): warning C4267: '=': conversion from 'size_t' to 'int', possible loss of data
C:\Program Files (x86)\Microsoft Visual Studio\2019\Community\VC\Tools\MSVC\14.28.29910\include\xstring(2468,23): warning C4244: 'argument': conversion from 'wchar_t' to 'const _Elem', possible loss of data
          with
          [
              _Elem=char
          ]
C:\Program Files (x86)\Microsoft Visual Studio\2019\Community\VC\Tools\MSVC\14.28.29910\include\xstring(2479): message : see reference to function template instantiation 'void std::basic_string<char,std::char_traits<char>,std::allocator<char>>::_Construct<wchar_t*>(_Iter,const _Iter,std::input_iterator_tag)' being compiled
          with
          [
              _Iter=wchar_t *
          ]
C:\Program Files (x86)\Microsoft Visual Studio\2019\Community\VC\Tools\MSVC\14.28.29910\include\xstring(2479): message : see reference to function template instantiation 'void std::basic_string<char,std::char_traits<char>,std::allocator<char>>::_Construct<wchar_t*>(_Iter,const _Iter,std::input_iterator_tag)' being compiled
          with
          [
              _Iter=wchar_t *
          ]
C:\Program Files (x86)\Microsoft Visual Studio\2019\Community\VC\Tools\MSVC\14.28.29910\include\xstring(2459): message : see reference to function template instantiation 'void std::basic_string<char,std::char_traits<char>,std::allocator<char>>::_Construct<wchar_t*>(const _Iter,const _Iter,std::forward_iterator_tag)' being compiled
          with
          [
              _Iter=wchar_t *
          ]
C:\Program Files (x86)\Microsoft Visual Studio\2019\Community\VC\Tools\MSVC\14.28.29910\include\xstring(2459): message : see reference to function template instantiation 'void std::basic_string<char,std::char_traits<char>,std::allocator<char>>::_Construct<wchar_t*>(const _Iter,const _Iter,std::forward_iterator_tag)' being compiled
          with
          [
              _Iter=wchar_t *
          ]
C:\Users\mdahl\JOBB\11VisualStudio\mdhl_lib\mdhl_Mp.h(169): message : see reference to function template instantiation 'std::basic_string<char,std::char_traits<char>,std::allocator<char>>::basic_string<std::_String_iterator<std::_String_val<std::_Simple_types<_Elem>>>,0>(_Iter,_Iter,const _Alloc &)' being compiled
          with
          [
              _Elem=wchar_t,
              _Iter=std::_String_iterator<std::_String_val<std::_Simple_types<wchar_t>>>,
              _Alloc=std::allocator<char>
          ]
C:\Users\mdahl\JOBB\11VisualStudio\mdhl_lib\mdhl_Mp.h(169): message : see reference to function template instantiation 'std::basic_string<char,std::char_traits<char>,std::allocator<char>>::basic_string<std::_String_iterator<std::_String_val<std::_Simple_types<_Elem>>>,0>(_Iter,_Iter,const _Alloc &)' being compiled
          with
          [
              _Elem=wchar_t,
              _Iter=std::_String_iterator<std::_String_val<std::_Simple_types<wchar_t>>>,
              _Alloc=std::allocator<char>
          ]
  Generating code
  9 of 611 functions ( 1.5%) were compiled, the rest were copied from previous compilation.
    2 functions were new in current compilation
    8 functions had inline decision re-evaluated but remain unchanged
  Finished generating code
  VAV_Adressering_2.vcxproj -> C:\Users\mdahl\JOBB\11VisualStudio\VS_c++\VAV_Adressering_2\x64\Release\VAV_Adressering_2.exe
